{"/home/mdecreux/OC/pendu/src/App.js": {"path":"/home/mdecreux/OC/pendu/src/App.js","statementMap":{"0":{"start":{"line":7,"column":23},"end":{"line":7,"column":124}},"1":{"start":{"line":7,"column":46},"end":{"line":7,"column":124}},"2":{"start":{"line":7,"column":79},"end":{"line":7,"column":122}},"3":{"start":{"line":9,"column":12},"end":{"line":51,"column":1}},"4":{"start":{"line":10,"column":28},"end":{"line":10,"column":65}},"5":{"start":{"line":11,"column":42},"end":{"line":11,"column":54}},"6":{"start":{"line":12,"column":30},"end":{"line":12,"column":41}},"7":{"start":{"line":13,"column":26},"end":{"line":13,"column":41}},"8":{"start":{"line":15,"column":4},"end":{"line":19,"column":33}},"9":{"start":{"line":16,"column":8},"end":{"line":18,"column":9}},"10":{"start":{"line":17,"column":12},"end":{"line":17,"column":25}},"11":{"start":{"line":22,"column":22},"end":{"line":26,"column":5}},"12":{"start":{"line":23,"column":28},"end":{"line":23,"column":67}},"13":{"start":{"line":24,"column":8},"end":{"line":24,"column":71}},"14":{"start":{"line":24,"column":40},"end":{"line":24,"column":69}},"15":{"start":{"line":25,"column":8},"end":{"line":25,"column":39}},"16":{"start":{"line":25,"column":28},"end":{"line":25,"column":37}},"17":{"start":{"line":28,"column":26},"end":{"line":33,"column":5}},"18":{"start":{"line":29,"column":8},"end":{"line":29,"column":27}},"19":{"start":{"line":30,"column":8},"end":{"line":30,"column":20}},"20":{"start":{"line":31,"column":8},"end":{"line":31,"column":45}},"21":{"start":{"line":32,"column":8},"end":{"line":32,"column":22}},"22":{"start":{"line":35,"column":4},"end":{"line":50,"column":6}},"23":{"start":{"line":41,"column":45},"end":{"line":41,"column":60}}},"fnMap":{"0":{"name":"(anonymous_0)","decl":{"start":{"line":7,"column":23},"end":{"line":7,"column":24}},"loc":{"start":{"line":7,"column":46},"end":{"line":7,"column":124}},"line":7},"1":{"name":"(anonymous_1)","decl":{"start":{"line":7,"column":66},"end":{"line":7,"column":67}},"loc":{"start":{"line":7,"column":79},"end":{"line":7,"column":122}},"line":7},"2":{"name":"(anonymous_2)","decl":{"start":{"line":9,"column":12},"end":{"line":9,"column":13}},"loc":{"start":{"line":9,"column":18},"end":{"line":51,"column":1}},"line":9},"3":{"name":"(anonymous_3)","decl":{"start":{"line":15,"column":14},"end":{"line":15,"column":15}},"loc":{"start":{"line":15,"column":20},"end":{"line":19,"column":5}},"line":15},"4":{"name":"(anonymous_4)","decl":{"start":{"line":22,"column":22},"end":{"line":22,"column":23}},"loc":{"start":{"line":22,"column":33},"end":{"line":26,"column":5}},"line":22},"5":{"name":"(anonymous_5)","decl":{"start":{"line":24,"column":23},"end":{"line":24,"column":24}},"loc":{"start":{"line":24,"column":40},"end":{"line":24,"column":69}},"line":24},"6":{"name":"(anonymous_6)","decl":{"start":{"line":25,"column":17},"end":{"line":25,"column":18}},"loc":{"start":{"line":25,"column":28},"end":{"line":25,"column":37}},"line":25},"7":{"name":"(anonymous_7)","decl":{"start":{"line":28,"column":26},"end":{"line":28,"column":27}},"loc":{"start":{"line":28,"column":32},"end":{"line":33,"column":5}},"line":28},"8":{"name":"(anonymous_8)","decl":{"start":{"line":41,"column":39},"end":{"line":41,"column":40}},"loc":{"start":{"line":41,"column":45},"end":{"line":41,"column":60}},"line":41}},"branchMap":{"0":{"loc":{"start":{"line":7,"column":79},"end":{"line":7,"column":122}},"type":"cond-expr","locations":[{"start":{"line":7,"column":110},"end":{"line":7,"column":116}},{"start":{"line":7,"column":119},"end":{"line":7,"column":122}}],"line":7},"1":{"loc":{"start":{"line":16,"column":8},"end":{"line":18,"column":9}},"type":"if","locations":[{"start":{"line":16,"column":8},"end":{"line":18,"column":9}},{"start":{"line":16,"column":8},"end":{"line":18,"column":9}}],"line":16},"2":{"loc":{"start":{"line":40,"column":17},"end":{"line":42,"column":56}},"type":"cond-expr","locations":[{"start":{"line":41,"column":22},"end":{"line":41,"column":78}},{"start":{"line":42,"column":22},"end":{"line":42,"column":56}}],"line":40}},"s":{"0":1,"1":73,"2":523,"3":1,"4":38,"5":38,"6":38,"7":38,"8":38,"9":35,"10":6,"11":38,"12":24,"13":24,"14":24,"15":24,"16":24,"17":38,"18":1,"19":1,"20":1,"21":1,"22":38,"23":1},"f":{"0":73,"1":523,"2":38,"3":35,"4":24,"5":24,"6":24,"7":1,"8":1},"b":{"0":[257,266],"1":[6,29],"2":[6,32]},"_coverageSchema":"1a1c01bbd47fc00a2c39e90264f33305004495a9","hash":"988c3b426147eb046a516cacdc1bd12f24ac0c5c"}
,"/home/mdecreux/OC/pendu/src/ListUsedLetters.js": {"path":"/home/mdecreux/OC/pendu/src/ListUsedLetters.js","statementMap":{"0":{"start":{"line":1,"column":24},"end":{"line":6,"column":10}},"1":{"start":{"line":2,"column":4},"end":{"line":6,"column":10}},"2":{"start":{"line":4,"column":41},"end":{"line":4,"column":47}}},"fnMap":{"0":{"name":"(anonymous_0)","decl":{"start":{"line":1,"column":24},"end":{"line":1,"column":25}},"loc":{"start":{"line":2,"column":4},"end":{"line":6,"column":10}},"line":2},"1":{"name":"(anonymous_1)","decl":{"start":{"line":4,"column":29},"end":{"line":4,"column":30}},"loc":{"start":{"line":4,"column":41},"end":{"line":4,"column":47}},"line":4}},"branchMap":{},"s":{"0":1,"1":35,"2":97},"f":{"0":35,"1":97},"b":{},"_coverageSchema":"1a1c01bbd47fc00a2c39e90264f33305004495a9","hash":"8d17fd5ca69a8f9a2b7f30a87212127f69e1fa84"}
}
