TN:
SF:src/App.js
FN:7,(anonymous_0)
FN:7,(anonymous_1)
FN:9,(anonymous_2)
FN:15,(anonymous_3)
FN:22,(anonymous_4)
FN:24,(anonymous_5)
FN:25,(anonymous_6)
FN:28,(anonymous_7)
FN:41,(anonymous_8)
FNF:9
FNH:9
FNDA:73,(anonymous_0)
FNDA:523,(anonymous_1)
FNDA:38,(anonymous_2)
FNDA:35,(anonymous_3)
FNDA:24,(anonymous_4)
FNDA:24,(anonymous_5)
FNDA:24,(anonymous_6)
FNDA:1,(anonymous_7)
FNDA:1,(anonymous_8)
DA:7,523
DA:9,1
DA:10,38
DA:11,38
DA:12,38
DA:13,38
DA:15,38
DA:16,35
DA:17,6
DA:22,38
DA:23,24
DA:24,24
DA:25,24
DA:28,38
DA:29,1
DA:30,1
DA:31,1
DA:32,1
DA:35,38
DA:41,1
LF:20
LH:20
BRDA:7,0,0,257
BRDA:7,0,1,266
BRDA:16,1,0,6
BRDA:16,1,1,29
BRDA:40,2,0,6
BRDA:40,2,1,32
BRF:6
BRH:6
end_of_record
TN:
SF:src/ListUsedLetters.js
FN:1,(anonymous_0)
FN:4,(anonymous_1)
FNF:2
FNH:2
FNDA:35,(anonymous_0)
FNDA:97,(anonymous_1)
DA:1,1
DA:2,35
DA:4,97
LF:3
LH:3
BRF:0
BRH:0
end_of_record
